This is pdfTeXk, Version 3.1415926-1.40.9 (Web2C 7.5.7) (format=pdflatex 2009.12.4)  28 JUL 2010 14:26
entering extended mode
 %&-line parsing enabled.
**thesis_MAIN.tex
(./thesis_MAIN.tex
LaTeX2e <2005/12/01>
Babel <v3.8l> and hyphenation patterns for english, usenglishmax, dumylang, noh
yphenation, german-x-2008-06-18, ngerman-x-2008-06-18, ancientgreek, ibycus, ar
abic, basque, bulgarian, catalan, pinyin, coptic, croatian, czech, danish, dutc
h, esperanto, estonian, farsi, finnish, french, galician, german, ngerman, mono
greek, greek, hungarian, icelandic, indonesian, interlingua, irish, italian, la
tin, mongolian, mongolian2a, bokmal, nynorsk, polish, portuguese, romanian, rus
sian, sanskrit, serbian, slovak, slovenian, spanish, swedish, turkish, ukenglis
h, ukrainian, uppersorbian, welsh, loaded.
(./_Config/these_gg.cls

LaTeX Warning: You have requested document class `_Config/these_gg',
               but the document class provides `these_gg'.

Document Class: these_gg 2009/09/12 Classe pour ma thèse
(/usr/local/texlive/2008/texmf-dist/tex/latex/base/book.cls
Document Class: book 2005/09/16 v1.4f Standard LaTeX document class
(/usr/local/texlive/2008/texmf-dist/tex/latex/base/bk11.clo
File: bk11.clo 2005/09/16 v1.4f Standard LaTeX file (size option)
)
\c@part=\count79
\c@chapter=\count80
\c@section=\count81
\c@subsection=\count82
\c@subsubsection=\count83
\c@paragraph=\count84
\c@subparagraph=\count85
\c@figure=\count86
\c@table=\count87
\abovecaptionskip=\skip41
\belowcaptionskip=\skip42
\bibindent=\dimen102
)
(/usr/local/texlive/2008/texmf-dist/tex/latex/base/fontenc.sty
Package: fontenc 2005/09/27 v1.99g Standard LaTeX package

(/usr/local/texlive/2008/texmf-dist/tex/latex/base/t1enc.def
File: t1enc.def 2005/09/27 v1.99g Standard LaTeX file
LaTeX Font Info:    Redeclaring font encoding T1 on input line 43.
))
(/usr/local/texlive/2008/texmf-dist/tex/latex/base/inputenc.sty
Package: inputenc 2006/05/05 v1.1b Input encoding file
\inpenc@prehook=\toks14
\inpenc@posthook=\toks15

(/usr/local/texlive/2008/texmf-dist/tex/latex/base/latin1.def
File: latin1.def 2006/05/05 v1.1b Input encoding file
))
(/usr/local/texlive/2008/texmf-dist/tex/generic/babel/babel.sty
Package: babel 2008/07/06 v3.8l The Babel package

(/usr/local/texlive/2008/texmf-dist/tex/generic/babel/frenchb.ldf
Language: frenchb 2008/05/08 v2.2a French support from the babel system

(/usr/local/texlive/2008/texmf-dist/tex/generic/babel/babel.def
File: babel.def 2008/07/06 v3.8l Babel common definitions
\babel@savecnt=\count88
\U@D=\dimen103
)
Package babel Info: Making : an active character on input line 119.
Package babel Info: Making ; an active character on input line 120.
Package babel Info: Making ! an active character on input line 121.
Package babel Info: Making ? an active character on input line 122.
\FB@Mht=\dimen104
\std@mcc=\count89
\dec@mcc=\count90
\parindentFFN=\dimen105

*************************************
* Local config file frenchb.cfg used
*
(/usr/local/texlive/2008/texmf-dist/tex/generic/babel/frenchb.cfg)))
(/usr/local/texlive/2008/texmf-dist/tex/latex/carlisle/scalefnt.sty)
(/usr/local/texlive/2008/texmf-dist/tex/latex/graphics/keyval.sty
Package: keyval 1999/03/16 v1.13 key=value parser (DPC)
\KV@toks@=\toks16
)
(/usr/local/texlive/2008/texmf-dist/tex/latex/eurosym/eurosym.sty
Package: eurosym 1998/08/06 v1.1 European currency symbol ``Euro''
\@eurobox=\box26
)
(/usr/local/texlive/2008/texmf-dist/tex/latex/xcolor/xcolor.sty
Package: xcolor 2007/01/21 v2.11 LaTeX color extensions (UK)

(/usr/local/texlive/2008/texmf/tex/latex/config/color.cfg
File: color.cfg 2007/01/18 v1.5 color configuration of teTeX/TeXLive
)
Package xcolor Info: Driver file: pdftex.def on input line 225.

(/usr/local/texlive/2008/texmf-dist/tex/latex/pdftex-def/pdftex.def
File: pdftex.def 2008/07/16 v0.04k Graphics/color for pdfTeX
\Gread@gobject=\count91
)
Package xcolor Info: Model `cmy' substituted by `cmy0' on input line 1337.
Package xcolor Info: Model `hsb' substituted by `rgb' on input line 1341.
Package xcolor Info: Model `RGB' extended on input line 1353.
Package xcolor Info: Model `HTML' substituted by `rgb' on input line 1355.
Package xcolor Info: Model `Hsb' substituted by `hsb' on input line 1356.
Package xcolor Info: Model `tHsb' substituted by `hsb' on input line 1357.
Package xcolor Info: Model `HSB' substituted by `hsb' on input line 1358.
Package xcolor Info: Model `Gray' substituted by `gray' on input line 1359.
Package xcolor Info: Model `wave' substituted by `hsb' on input line 1360.
)
(./_Config/stylegcalmettes.sty

LaTeX Warning: You have requested package `_Config/stylegcalmettes',
               but the package provides `stylegcalmettes'.

Package: stylegcalmettes 
(/usr/local/texlive/2008/texmf-dist/tex/latex/lineno/lineno.sty
Package: lineno 2005/11/02 line numbers on paragraphs v4.41
\linenopenalty=\count92
\output=\toks17
\linenoprevgraf=\count93
\linenumbersep=\dimen106
\linenumberwidth=\dimen107
\c@linenumber=\count94
\c@pagewiselinenumber=\count95
\c@LN@truepage=\count96
\c@internallinenumber=\count97
\c@internallinenumbers=\count98
\quotelinenumbersep=\dimen108
\bframerule=\dimen109
\bframesep=\dimen110
\bframebox=\box27
LaTeX Info: Redefining \\ on input line 3056.
)
(/usr/local/texlive/2008/texmf-dist/tex/latex/psnfss/mathpazo.sty
Package: mathpazo 2005/04/12 PSNFSS-v9.2a Palatino w/ Pazo Math (D.Puga, WaS) 
\symupright=\mathgroup4
)
(/usr/local/texlive/2008/texmf-dist/tex/latex/psnfss/helvet.sty
Package: helvet 2005/04/12 PSNFSS-v9.2a (WaS) 
)
(/usr/local/texlive/2008/texmf-dist/tex/latex/psnfss/courier.sty
Package: courier 2005/04/12 PSNFSS-v9.2a (WaS) 
)
(/usr/local/texlive/2008/texmf-dist/tex/latex/fancyhdr/fancyhdr.sty
\fancy@headwidth=\skip43
\f@ncyO@elh=\skip44
\f@ncyO@erh=\skip45
\f@ncyO@olh=\skip46
\f@ncyO@orh=\skip47
\f@ncyO@elf=\skip48
\f@ncyO@erf=\skip49
\f@ncyO@olf=\skip50
\f@ncyO@orf=\skip51
)
(/usr/local/texlive/2008/texmf-dist/tex/latex/tools/enumerate.sty
Package: enumerate 1999/03/05 v3.00 enumerate extensions (DPC)
\@enLab=\toks18
)
(/usr/local/texlive/2008/texmf-dist/tex/latex/tools/calc.sty
Package: calc 2005/08/06 v4.2 Infix arithmetic (KKT,FJ)
\calc@Acount=\count99
\calc@Bcount=\count100
\calc@Adimen=\dimen111
\calc@Bdimen=\dimen112
\calc@Askip=\skip52
\calc@Bskip=\skip53
LaTeX Info: Redefining \setlength on input line 75.
LaTeX Info: Redefining \addtolength on input line 76.
\calc@Ccount=\count101
\calc@Cskip=\skip54
)
(/usr/local/texlive/2008/texmf-dist/tex/latex/amsmath/amsmath.sty
Package: amsmath 2000/07/18 v2.13 AMS math features
\@mathmargin=\skip55

For additional information on amsmath, use the `?' option.
(/usr/local/texlive/2008/texmf-dist/tex/latex/amsmath/amstext.sty
Package: amstext 2000/06/29 v2.01

(/usr/local/texlive/2008/texmf-dist/tex/latex/amsmath/amsgen.sty
File: amsgen.sty 1999/11/30 v2.0
\@emptytoks=\toks19
\ex@=\dimen113
))
(/usr/local/texlive/2008/texmf-dist/tex/latex/amsmath/amsbsy.sty
Package: amsbsy 1999/11/29 v1.2d
\pmbraise@=\dimen114
)
(/usr/local/texlive/2008/texmf-dist/tex/latex/amsmath/amsopn.sty
Package: amsopn 1999/12/14 v2.01 operator names
)
\inf@bad=\count102
LaTeX Info: Redefining \frac on input line 211.
\uproot@=\count103
\leftroot@=\count104
LaTeX Info: Redefining \overline on input line 307.
\classnum@=\count105
\DOTSCASE@=\count106
LaTeX Info: Redefining \ldots on input line 379.
LaTeX Info: Redefining \dots on input line 382.
LaTeX Info: Redefining \cdots on input line 467.
\Mathstrutbox@=\box28
\strutbox@=\box29
\big@size=\dimen115
LaTeX Font Info:    Redeclaring font encoding OML on input line 567.
LaTeX Font Info:    Redeclaring font encoding OMS on input line 568.
\macc@depth=\count107
\c@MaxMatrixCols=\count108
\dotsspace@=\muskip10
\c@parentequation=\count109
\dspbrk@lvl=\count110
\tag@help=\toks20
\row@=\count111
\column@=\count112
\maxfields@=\count113
\andhelp@=\toks21
\eqnshift@=\dimen116
\alignsep@=\dimen117
\tagshift@=\dimen118
\tagwidth@=\dimen119
\totwidth@=\dimen120
\lineht@=\dimen121
\@envbody=\toks22
\multlinegap=\skip56
\multlinetaggap=\skip57
\mathdisplay@stack=\toks23
LaTeX Info: Redefining \[ on input line 2666.
LaTeX Info: Redefining \] on input line 2667.
)
(/usr/local/texlive/2008/texmf-dist/tex/latex/amsfonts/amsfonts.sty
Package: amsfonts 2001/10/25 v2.2f
\symAMSa=\mathgroup5
\symAMSb=\mathgroup6
LaTeX Font Info:    Overwriting math alphabet `\mathfrak' in version `bold'
(Font)                  U/euf/m/n --> U/euf/b/n on input line 132.
)
(/usr/local/texlive/2008/texmf-dist/tex/latex/amsfonts/amssymb.sty
Package: amssymb 2002/01/22 v2.2d
)
(/usr/local/texlive/2008/texmf-dist/tex/latex/amscls/amsthm.sty
Package: amsthm 2004/08/06 v2.20
\thm@style=\toks24
\thm@bodyfont=\toks25
\thm@headfont=\toks26
\thm@notefont=\toks27
\thm@headpunct=\toks28
\thm@preskip=\skip58
\thm@postskip=\skip59
\thm@headsep=\skip60
\dth@everypar=\toks29
)
(/usr/local/texlive/2008/texmf-dist/tex/latex/doublestroke/dsfont.sty
Package: dsfont 1995/08/01 v0.1 Double stroke roman fonts
)
(/usr/local/texlive/2008/texmf-dist/tex/latex/jknapltx/mathrsfs.sty
Package: mathrsfs 1996/01/01 Math RSFS package v1.0 (jk)
\symrsfs=\mathgroup7
)
(/usr/local/texlive/2008/texmf-dist/tex/latex/lettrine/lettrine.sty
File: lettrine.sty 2007/08/08 v1.62 (Daniel Flipo)
\c@DefaultLines=\count114
\DefaultFindent=\dimen122
\DefaultNindent=\dimen123
\DefaultSlope=\dimen124
\L@lbox=\box30
\L@tbox=\box31
\c@L@lines=\count115
\L@Pindent=\dimen125
\L@Findent=\dimen126
\L@Nindent=\dimen127
\L@lraise=\dimen128
\L@first=\dimen129
\L@next=\dimen130
\L@slope=\dimen131
\L@height=\dimen132
\LettrineWidth=\dimen133

Loading lettrine.cfg
(/usr/local/texlive/2008/texmf-dist/tex/latex/lettrine/lettrine.cfg))
(/usr/local/texlive/2008/texmf-dist/tex/latex/tocbibind/tocbibind.sty
Package: tocbibind 2003/03/13 v1.5g extra ToC listings


Package tocbibind Note: The document has chapter divisions.


Package tocbibind Note: Using chapter style headings, unless overridden.

) (/usr/local/texlive/2008/texmf-dist/tex/latex/caption/caption.sty
Package: caption 2008/04/01 v3.1h Customizing captions (AR)

(/usr/local/texlive/2008/texmf-dist/tex/latex/caption/caption3.sty
Package: caption3 2008/03/20 v3.1h caption3 kernel (AR)
\captionmargin=\dimen134
\captionmargin@=\dimen135
\captionwidth=\dimen136
\caption@indent=\dimen137
\caption@parindent=\dimen138
\caption@hangindent=\dimen139
)
\c@ContinuedFloat=\count116
)
(/usr/local/texlive/2008/texmf-dist/tex/latex/supertabular/supertabular.sty
Package: supertabular 2004/02/20 v4.1e the supertabular environment
\c@tracingst=\count117
\ST@wd=\dimen140
\ST@rightskip=\skip61
\ST@leftskip=\skip62
\ST@parfillskip=\skip63
\ST@pageleft=\dimen141
\ST@headht=\dimen142
\ST@tailht=\dimen143
\ST@pagesofar=\dimen144
\ST@pboxht=\dimen145
\ST@lineht=\dimen146
\ST@stretchht=\dimen147
\ST@prevht=\dimen148
\ST@toadd=\dimen149
\ST@dimen=\dimen150
\ST@pbox=\box32
)
(/usr/local/texlive/2008/texmf-dist/tex/latex/algorithm2e/algorithm2e.sty
Package: algorithm2e 2005/10/04 v3.9 algorithms environments
\c@AlgoLine=\count118

(/usr/local/texlive/2008/texmf-dist/tex/latex/base/ifthen.sty
Package: ifthen 2001/05/26 v1.1c Standard LaTeX ifthen package (DPC)
)
(/usr/local/texlive/2008/texmf-dist/tex/latex/tools/xspace.sty
Package: xspace 2006/05/08 v1.12 Space after command names (DPC,MH)
)
********************************************************
Package `algorithm2e' Release 3.9 -- october 04 2005 --
- algorithm2e-announce@lirmm.fr mailing list for announcement about releases
- algorithm2e-discussion@lirmm.fr mailing list for discussion about package
subscribe by emailing sympa@lirmm.fr with 'subscribe <list> <firstname name>'
- Author: Christophe Fiorio (fiorio@lirmm.fr)
********************************************************
\skiptotal=\skip64
\skiprule=\skip65
\skiphlne=\skip66
\skiptext=\skip67
\skiplength=\skip68
\algomargin=\skip69
\skipalgocfslide=\skip70
\algowidth=\dimen151
\inoutsize=\dimen152
\inoutline=\dimen153
\algocf@inoutbox=\box33
\algocf@inputbox=\box34
\AlCapSkip=\skip71
\AlCapHSkip=\skip72
\algocf@capbox=\box35
\c@algocfline=\count119
\c@algocf=\count120
\algocf@algoframe=\box36
\algocf@algobox=\box37
) (/usr/local/texlive/2008/texmf-dist/tex/latex/natbib/natbib.sty
Package: natbib 2007/10/30 8.1 (PWD)
\bibhang=\skip73
\bibsep=\skip74
LaTeX Info: Redefining \cite on input line 602.
\c@NAT@ctr=\count121
)
(/usr/local/texlive/2008/texmf-dist/tex/generic/oberdiek/ifpdf.sty
Package: ifpdf 2007/12/12 v1.6 Provides the ifpdf switch (HO)
Package ifpdf Info: pdfTeX in pdf mode detected.
)
(/usr/local/texlive/2008/texmf-dist/tex/latex/graphics/graphicx.sty
Package: graphicx 1999/02/16 v1.0f Enhanced LaTeX Graphics (DPC,SPQR)

(/usr/local/texlive/2008/texmf-dist/tex/latex/graphics/graphics.sty
Package: graphics 2006/02/20 v1.0o Standard LaTeX Graphics (DPC,SPQR)

(/usr/local/texlive/2008/texmf-dist/tex/latex/graphics/trig.sty
Package: trig 1999/03/16 v1.09 sin cos tan (DPC)
)
(/usr/local/texlive/2008/texmf/tex/latex/config/graphics.cfg
File: graphics.cfg 2007/01/18 v1.5 graphics configuration of teTeX/TeXLive
)
Package graphics Info: Driver file: pdftex.def on input line 90.
)
\Gin@req@height=\dimen154
\Gin@req@width=\dimen155
)
(/usr/local/texlive/2008/texmf-dist/tex/latex/hyperref/hyperref.sty
Package: hyperref 2008/08/14 v6.78f Hypertext links for LaTeX

(/usr/local/texlive/2008/texmf-dist/tex/generic/oberdiek/ifvtex.sty
Package: ifvtex 2007/09/09 v1.3 Switches for detecting VTeX and its modes (HO)
Package ifvtex Info: VTeX not detected.
)
(/usr/local/texlive/2008/texmf-dist/tex/generic/ifxetex/ifxetex.sty
Package: ifxetex 2006/08/21 v0.3 Provides ifxetex conditional
)
(/usr/local/texlive/2008/texmf-dist/tex/latex/oberdiek/hycolor.sty
Package: hycolor 2008/08/01 v1.3 Code for color options of hyperref/bookmark (H
O)

(/usr/local/texlive/2008/texmf-dist/tex/latex/oberdiek/xcolor-patch.sty
Package: xcolor-patch 2008/08/01 xcolor patch
))
\@linkdim=\dimen156
\Hy@linkcounter=\count122
\Hy@pagecounter=\count123

(/usr/local/texlive/2008/texmf-dist/tex/latex/hyperref/pd1enc.def
File: pd1enc.def 2008/08/14 v6.78f Hyperref: PDFDocEncoding definition (HO)
)
(/usr/local/texlive/2008/texmf-dist/tex/generic/oberdiek/etexcmds.sty
Package: etexcmds 2007/12/12 v1.2 Prefix for e-TeX command names (HO)

(/usr/local/texlive/2008/texmf-dist/tex/generic/oberdiek/infwarerr.sty
Package: infwarerr 2007/09/09 v1.2 Providing info/warning/message (HO)
)
Package etexcmds Info: Could not find \expanded.
(etexcmds)             That can mean that you are not using pdfTeX 1.50 or
(etexcmds)             that some package has redefined \expanded.
(etexcmds)             In the latter case, load this package earlier.
)
(/usr/local/texlive/2008/texmf/tex/latex/config/hyperref.cfg
File: hyperref.cfg 2002/06/06 v1.2 hyperref configuration of TeXLive
)
(/usr/local/texlive/2008/texmf-dist/tex/latex/oberdiek/kvoptions.sty
Package: kvoptions 2007/10/18 v3.0 Keyval support for LaTeX options (HO)
)
Package hyperref Info: Option `bookmarksopen' set `false' on input line 2765.
Package hyperref Info: Option `colorlinks' set `true' on input line 2765.
Package hyperref Info: Option `plainpages' set `false' on input line 2765.
Package hyperref Info: Hyper figures OFF on input line 2876.
Package hyperref Info: Link nesting OFF on input line 2881.
Package hyperref Info: Hyper index ON on input line 2884.
Package hyperref Info: Plain pages OFF on input line 2891.
Package hyperref Info: Backreferencing ON on input line 2894.

Implicit mode ON; LaTeX internals redefined
Package hyperref Info: Bookmarks ON on input line 3086.
(/usr/local/texlive/2008/texmf-dist/tex/latex/hyperref/backref.sty
Package: backref 2006/09/05 v1.28 Bibliographical back referencing
)
(/usr/local/texlive/2008/texmf-dist/tex/latex/ltxmisc/url.sty
\Urlmuskip=\muskip11
Package: url 2006/04/12  ver 3.3  Verb mode for urls, etc.
)
LaTeX Info: Redefining \url on input line 3272.

(/usr/local/texlive/2008/texmf-dist/tex/generic/oberdiek/bitset.sty
Package: bitset 2007/09/28 v1.0 Data type bit set (HO)

(/usr/local/texlive/2008/texmf-dist/tex/generic/oberdiek/intcalc.sty
Package: intcalc 2007/09/27 v1.1 Expandable integer calculations (HO)
)
(/usr/local/texlive/2008/texmf-dist/tex/generic/oberdiek/bigintcalc.sty
Package: bigintcalc 2007/11/11 v1.1 Expandable big integer calculations (HO)

(/usr/local/texlive/2008/texmf-dist/tex/generic/oberdiek/pdftexcmds.sty
Package: pdftexcmds 2007/12/12 v0.3 LuaTeX support for pdfTeX utility functions
 (HO)
Package pdftexcmds Info: LuaTeX not detected on input line 139.
)))
(/usr/local/texlive/2008/texmf-dist/tex/generic/oberdiek/kvsetkeys.sty
Package: kvsetkeys 2007/09/29 v1.3 Key value parser with default handler suppor
t (HO)
)
\Fld@menulength=\count124
\Field@Width=\dimen157
\Fld@charsize=\dimen158
\Field@toks=\toks30
Package hyperref Info: Hyper figures OFF on input line 4189.
Package hyperref Info: Link nesting OFF on input line 4194.
Package hyperref Info: Hyper index ON on input line 4197.
Package hyperref Info: backreferencing ON on input line 4202.
Package hyperref Info: Link coloring ON on input line 4207.
Package hyperref Info: Link coloring with OCG OFF on input line 4214.
Package hyperref Info: PDF/A mode OFF on input line 4219.

(/usr/local/texlive/2008/texmf-dist/tex/generic/oberdiek/atbegshi.sty
Package: atbegshi 2008/07/31 v1.9 At begin shipout hook (HO)
)
\Hy@abspage=\count125
\c@Item=\count126
\c@Hfootnote=\count127
)
*hyperref using driver hpdftex*
(/usr/local/texlive/2008/texmf-dist/tex/latex/hyperref/hpdftex.def
File: hpdftex.def 2008/08/14 v6.78f Hyperref driver for pdfTeX
\Fld@listcount=\count128
)
(/usr/local/texlive/2008/texmf-dist/tex/latex/minitoc/minitoc.sty
Package: minitoc 2008/07/16 v60 Package minitoc (JPFD)

(/usr/local/texlive/2008/texmf-dist/tex/latex/minitoc/mtcmess.sty
Package: mtcmess 2006/03/14
)
Package minitoc Info: I0001
(minitoc)             *** minitoc package, version 60 ***.
\tf@mtc=\write3
\mtcindent=\skip75
\mtcskipamount=\skip76
Package minitoc Info: I0005
(minitoc)             compatible with hyperref.
Package minitoc Info: I0023
(minitoc)             part level macros available.
Package minitoc Info: I0003
(minitoc)             chapter level macros available.
\mtc@toks=\toks31
\mtc@strutbox=\box38
\mtc@hstrutbox=\box39
Package minitoc Info: I0002
(minitoc)             Autoconfiguration of extensions.
\openout3 = `thesis_MAIN.mtc0'.

\openout3 = `thesis_MAIN.mtc'.


(./thesis_MAIN.mtc0)
Package minitoc Info: I0012
(minitoc)             Long extensions (Unix-like) will be used.
Package minitoc Info: I0031
(minitoc)             ==> this version is configured for UNIX-like 
(minitoc)                 (long extensions) file names.
\openout3 = `thesis_MAIN.mtc'.

\openout3 = `thesis_MAIN.mtc0'.

\c@mtc=\count129
\c@minitocdepth=\count130
\c@ptc=\count131
\c@parttocdepth=\count132
\ptcindent=\skip77
Package minitoc Info: I0010
(minitoc)             The english language is selected.
(minitoc)              on input line 4910.

(/usr/local/texlive/2008/texmf-dist/tex/latex/minitoc/english.mld
File: english.mld 2006/01/13
)
(/usr/local/texlive/2008/texmf-dist/tex/latex/minitoc/english.mld
File: english.mld 2006/01/13
)
Package minitoc Info: I0010
(minitoc)             The french language is selected.
(minitoc)              on input line 4911.

(/usr/local/texlive/2008/texmf-dist/tex/latex/minitoc/french.mld
File: french.mld 2006/03/21
))
Package minitoc Info: I0024
(minitoc)             PREPARING MINITOCS FROM thesis_MAIN.toc on input line 66.

Package minitoc Info: I0033
(minitoc)             Writing thesis_MAIN.mtc1.
\openout3 = `thesis_MAIN.mtc1'.

Package minitoc Info: I0033
(minitoc)             Writing thesis_MAIN.mtc2.
\openout3 = `thesis_MAIN.mtc2'.

Package minitoc Info: I0033
(minitoc)             Writing thesis_MAIN.mtc3.
\openout3 = `thesis_MAIN.mtc3'.

Package minitoc Info: I0033
(minitoc)             Writing thesis_MAIN.mtc4.
\openout3 = `thesis_MAIN.mtc4'.

Package minitoc Info: I0033
(minitoc)             Writing thesis_MAIN.mtc5.
\openout3 = `thesis_MAIN.mtc5'.

Package minitoc Info: I0033
(minitoc)             Writing thesis_MAIN.mtc6.
\openout3 = `thesis_MAIN.mtc6'.

Package minitoc Info: I0033
(minitoc)             Writing thesis_MAIN.mtc7.
\openout3 = `thesis_MAIN.mtc7'.

Package minitoc Info: I0033
(minitoc)             Writing thesis_MAIN.mtc8.
\openout3 = `thesis_MAIN.mtc8'.

Package minitoc Info: I0033
(minitoc)             Writing thesis_MAIN.mtc9.
\openout3 = `thesis_MAIN.mtc9'.

Package minitoc Info: I0033
(minitoc)             Writing thesis_MAIN.mtc10.
\openout3 = `thesis_MAIN.mtc10'.

Package minitoc Info: I0033
(minitoc)             Writing thesis_MAIN.mtc11.
\openout3 = `thesis_MAIN.mtc11'.

Package minitoc Info: I0033
(minitoc)             Writing thesis_MAIN.mtc12.
\openout3 = `thesis_MAIN.mtc12'.

Package minitoc Info: I0033
(minitoc)             Writing thesis_MAIN.mtc13.
\openout3 = `thesis_MAIN.mtc13'.

Package minitoc Info: I0033
(minitoc)             Writing thesis_MAIN.mtc14.
\openout3 = `thesis_MAIN.mtc14'.

Package minitoc Info: I0033
(minitoc)             Writing thesis_MAIN.mtc15.
\openout3 = `thesis_MAIN.mtc15'.

Package minitoc Info: I0033
(minitoc)             Writing thesis_MAIN.mtc16.
\openout3 = `thesis_MAIN.mtc16'.

Package minitoc Info: I0033
(minitoc)             Writing thesis_MAIN.mtc17.
\openout3 = `thesis_MAIN.mtc17'.

Package minitoc Info: I0033
(minitoc)             Writing thesis_MAIN.mtc18.
\openout3 = `thesis_MAIN.mtc18'.

Package minitoc Info: I0033
(minitoc)             Writing thesis_MAIN.mtc19.
\openout3 = `thesis_MAIN.mtc19'.

Package minitoc Info: I0033
(minitoc)             Writing thesis_MAIN.mtc20.
\openout3 = `thesis_MAIN.mtc20'.

Package minitoc Info: I0033
(minitoc)             Writing thesis_MAIN.mtc21.
\openout3 = `thesis_MAIN.mtc21'.


(/usr/local/texlive/2008/texmf-dist/tex/latex/tocloft/tocloft.sty
Package: tocloft 2003/09/26 v2.3c parameterised ToC, etc., typesetting


Package tocloft Note: The document has chapter divisions.

\cftparskip=\skip78
\cftbeforetoctitleskip=\skip79
\cftaftertoctitleskip=\skip80
\cftbeforepartskip=\skip81
\cftpartnumwidth=\skip82
\cftpartindent=\skip83
\cftbeforechapskip=\skip84
\cftchapindent=\skip85
\cftchapnumwidth=\skip86
\cftbeforesecskip=\skip87
\cftsecindent=\skip88
\cftsecnumwidth=\skip89
\cftbeforesubsecskip=\skip90
\cftsubsecindent=\skip91
\cftsubsecnumwidth=\skip92
\cftbeforesubsubsecskip=\skip93
\cftsubsubsecindent=\skip94
\cftsubsubsecnumwidth=\skip95
\cftbeforeparaskip=\skip96
\cftparaindent=\skip97
\cftparanumwidth=\skip98
\cftbeforesubparaskip=\skip99
\cftsubparaindent=\skip100
\cftsubparanumwidth=\skip101
\cftbeforeloftitleskip=\skip102
\cftafterloftitleskip=\skip103
\cftbeforefigskip=\skip104
\cftfigindent=\skip105
\cftfignumwidth=\skip106
\c@lofdepth=\count133
\c@lotdepth=\count134
\cftbeforelottitleskip=\skip107
\cftafterlottitleskip=\skip108
\cftbeforetabskip=\skip109
\cfttabindent=\skip110
\cfttabnumwidth=\skip111
) (/usr/local/texlive/2008/texmf-dist/tex/latex/geometry/geometry.sty
Package: geometry 2002/07/08 v3.2 Page Geometry
\Gm@cnth=\count135
\Gm@cntv=\count136
\c@Gm@tempcnt=\count137
\Gm@bindingoffset=\dimen159
\Gm@wd@mp=\dimen160
\Gm@odd@mp=\dimen161
\Gm@even@mp=\dimen162
\Gm@dimlist=\toks32

(/usr/local/texlive/2008/texmf-dist/tex/xelatex/xetexconfig/geometry.cfg))
(/usr/local/texlive/2008/texmf-dist/tex/latex/multido/multido.sty
Package: multido 2004/05/17 package wrapper for PSTricks `multido.tex', (HV/RN)


(/usr/local/texlive/2008/texmf-dist/tex/generic/multido/multido.tex
 v1.41, 2004/05/18 <tvz>
\multido@count=\count138
\multidocount=\count139
\multido@stuff=\toks33
)
File: multido.tex 2004/05/18 v1.41 `multido' (tvz)
)
\thmmargin=\skip112
\thmmargina=\skip113
\thmmarginb=\skip114
\thmmarginc=\skip115
\thmmargind=\skip116
\thmmargine=\skip117
\thmmarginf=\skip118
\thmmarging=\skip119
\thmmarginh=\skip120
\c@hypothese=\count140
\c@exemple=\count141
\c@theoreme=\count142
\c@remarque=\count143
\c@propriete=\count144
\c@definitionf=\count145
\c@propositionf=\count146
\c@lemme=\count147
\c@corollaire=\count148
))
(/usr/local/texlive/2008/texmf-dist/tex/latex/multirow/multirow.sty
\bigstrutjot=\dimen163
)
(/usr/local/texlive/2008/texmf-dist/tex/latex/slashbox/slashbox.sty
slashbox style by K.Yasuoka, May 1993.
\@slashboxa=\box40
\@slashboxb=\box41
\@slashboxc=\box42
\@slashboxwd=\count149
\@slashboxht=\count150
\@slashsepl=\dimen164
\@slashsepr=\dimen165
) (./_Config/wrapfig.sty
\wrapoverhang=\dimen166
\WF@size=\dimen167
\c@WF@wrappedlines=\count151
\WF@box=\box43
\WF@everypar=\toks34


LaTeX Warning: You have requested package `_Config/wrapfig',
               but the package provides `wrapfig'.

Package: wrapfig 2003/01/31  v 3.6
) (/usr/local/texlive/2008/texmf-dist/tex/latex/mhchem/mhchem.sty
Package: mhchem 2007/05/19 v3.07 for typesetting chemical formulae

(/usr/local/texlive/2008/texmf-dist/tex/latex/oberdiek/twoopt.sty
Package: twoopt 2008/08/11 v1.5 Definitions with two optional arguments (HO)
)
\tok@mhchem@ce@iii=\toks35
\mhchem@arrowminlength=\skip121
\mhchem@arrows@box=\box44
\mhchem@arrowlength@pgf=\skip122
\mhchem@arrowminlength@pgf=\skip123
\mhchem@bondwidth=\skip124
\mhchem@bondheight=\skip125
\mhchem@smallbondwidth@tmpA=\skip126
\mhchem@smallbondwidth@tmpB=\skip127
\mhchem@smallbondwidth=\skip128
\mhchem@cf@element=\toks36
\mhchem@cf@number=\toks37
\mhchem@cf@sup=\toks38
\tok@mhchem@cf@i=\toks39
\c@mhchem@cf@length=\count152
\mhchem@cf@replaceminus@tok=\toks40
\mhchem@option@minussidebearingleft=\skip129
\mhchem@option@minussidebearingright=\skip130
)
(./_Config/smiley.sty
(/usr/local/texlive/2008/texmf-dist/tex/latex/pgf/utilities/pgfkeys.sty
(/usr/local/texlive/2008/texmf-dist/tex/generic/pgf/utilities/pgfkeys.code.tex
\pgfkeys@pathtoks=\toks41
\pgfkeys@temptoks=\toks42
)) (/usr/local/texlive/2008/texmf-dist/tex/latex/pgfopts/pgfopts.sty
Package: pgfopts 2008/06/26 v1.0  LaTeX package options with pgfkeys
)

LaTeX Warning: You have requested package `_Config/smiley',
               but the package provides `smiley'.

Package: smiley 2010/03/16 v0.1 provides smileys, initial experimental version.

) (./thesis_MAIN.aux (./docs/remerciements.aux) (./docs/preface.aux)
(./docs/notations.aux) (./docs/i_hypoxiechronique.aux) (./docs/i_sysbio.aux)
(./docs/i_objectifs.aux) (./docs/m_modelanimal.aux) (./docs/m_coeur.aux)
(./docs/m_rmn.aux) (./docs/m_consoO2.aux) (./docs/m_moca.aux)
(./docs/m_enzymo.aux) (./docs/r_article1.aux) (./docs/r_article2.aux)
(./docs/r_article3.aux) (./docs/discussion.aux) (./docs/perspectives.aux))
\openout1 = `thesis_MAIN.aux'.

LaTeX Font Info:    Checking defaults for OML/cmm/m/it on input line 34.
LaTeX Font Info:    ... okay on input line 34.
LaTeX Font Info:    Checking defaults for T1/cmr/m/n on input line 34.
LaTeX Font Info:    ... okay on input line 34.
LaTeX Font Info:    Checking defaults for OT1/cmr/m/n on input line 34.
LaTeX Font Info:    ... okay on input line 34.
LaTeX Font Info:    Checking defaults for OMS/cmsy/m/n on input line 34.
LaTeX Font Info:    ... okay on input line 34.
LaTeX Font Info:    Checking defaults for OMX/cmex/m/n on input line 34.
LaTeX Font Info:    ... okay on input line 34.
LaTeX Font Info:    Checking defaults for U/cmr/m/n on input line 34.
LaTeX Font Info:    ... okay on input line 34.
LaTeX Font Info:    Checking defaults for PD1/pdf/m/n on input line 34.
LaTeX Font Info:    ... okay on input line 34.
LaTeX Font Info:    Try loading font information for T1+pplj on input line 34.

(/usr/local/texlive/2008/texmf-dist/tex/latex/psnfss/t1pplj.fd
File: t1pplj.fd 2004/09/06 font definitions for T1/pplj.
)
LaTeX Info: Redefining \degres on input line 34.
LaTeX Info: Redefining \dots on input line 34.
LaTeX Info: Redefining \up on input line 34.

(/usr/local/texlive/2008/texmf-dist/tex/context/base/supp-pdf.tex
[Loading MPS to PDF converter (version 2006.09.02).]
\scratchcounter=\count153
\scratchdimen=\dimen168
\scratchbox=\box45
\nofMPsegments=\count154
\nofMParguments=\count155
\everyMPshowfont=\toks43
\MPscratchCnt=\count156
\MPscratchDim=\dimen169
\MPnumerator=\count157
\everyMPtoPDFconversion=\toks44
)
Package caption Info: Begin \AtBeginDocument code.
Package caption Info: hyperref package is loaded.
Package caption Info: supertabular package is loaded.
Package caption Info: End \AtBeginDocument code.
Package hyperref Info: Link coloring ON on input line 34.
 (/usr/local/texlive/2008/texmf-dist/tex/latex/hyperref/nameref.sty
Package: nameref 2007/05/29 v2.31 Cross-referencing by name of section

(/usr/local/texlive/2008/texmf-dist/tex/latex/oberdiek/refcount.sty
Package: refcount 2008/08/11 v3.1 Data extraction from references (HO)
)
\c@section@level=\count158
)
LaTeX Info: Redefining \ref on input line 34.
LaTeX Info: Redefining \pageref on input line 34.

(./thesis_MAIN.out) (./thesis_MAIN.out)
\@outlinefile=\write4
\openout4 = `thesis_MAIN.out'.

Package backref Info: ** backref set up for natbib ** on input line 34.
\AtBeginShipoutBox=\box46
\c@minilofdepth=\count159
\c@minilotdepth=\count160
\c@partlofdepth=\count161
\c@partlotdepth=\count162
\c@sectlofdepth=\count163
\c@sectlotdepth=\count164
Package minitoc(hints) Info: I0049
(minitoc(hints))             ==> You requested the hints option. 
(minitoc(hints))             Some hints are eventually given below.
Package minitoc(hints) Info: I0046
(minitoc(hints))             --- The tocbibind package is loaded. 
(minitoc(hints))             See the minitoc package documentation 
(minitoc(hints))             for specific precautions.
Package minitoc(hints) Info: I0047
(minitoc(hints))             --- The tocloft package is loaded. 
(minitoc(hints))             See the minitoc package documentation 
(minitoc(hints))             for specific precautions.


Package minitoc(hints) Warning: W0030
(minitoc(hints))                --- The \part command is altered 
(minitoc(hints))                after minitoc.


Package minitoc(hints) Warning: W0023
(minitoc(hints))                --- It may be the consequence 
(minitoc(hints))                of loading the ``hyperref'' package.


Package minitoc(hints) Warning: W0028
(minitoc(hints))                --- The \chapter command is altered 
(minitoc(hints))                after minitoc.


Package minitoc(hints) Warning: W0023
(minitoc(hints))                --- It may be the consequence 
(minitoc(hints))                of loading the ``hyperref'' package.

-------------------- Geometry parameters
paper: class default
landscape: --
twocolumn: --
twoside: true
asymmetric: --
h-parts: 92.0pt, 413.73938pt, 91.7685pt
v-parts: 85.0pt, 683.44437pt, 76.60248pt
hmarginratio: --
vmarginratio: --
lines: --
heightrounded: --
bindingoffset: 0.0pt
truedimen: --
includehead: --
includefoot: --
includemp: --
driver: pdftex
-------------------- Page layout dimensions and switches
\paperwidth  597.50787pt
\paperheight 845.04684pt
\textwidth  413.73938pt
\textheight 683.44437pt
\oddsidemargin  19.73001pt
\evensidemargin 19.4985pt
\topmargin  -47.26999pt
\headheight 30.0pt
\headsep    30.0pt
\footskip   27.46295pt
\marginparwidth 51.0pt
\marginparsep   7.0pt
\columnsep  10.0pt
\skip\footins  10.0pt plus 4.0pt minus 2.0pt
\hoffset 0.0pt
\voffset 0.0pt
\mag 1000
\@twosidetrue \@mparswitchtrue 
(1in=72.27pt, 1cm=28.45pt)
-----------------------
LaTeX Font Info:    Try loading font information for OT1+pplx on input line 144
.
(/usr/local/texlive/2008/texmf-dist/tex/latex/psnfss/ot1pplx.fd
File: ot1pplx.fd 2004/09/06 font definitions for OT1/pplx.
)
LaTeX Font Info:    Try loading font information for OML+zplm on input line 144
.

(/usr/local/texlive/2008/texmf-dist/tex/latex/psnfss/omlzplm.fd
File: omlzplm.fd 2002/09/08 Fontinst v1.914 font definitions for OML/zplm.
)
LaTeX Font Info:    Try loading font information for OMS+zplm on input line 144
.

(/usr/local/texlive/2008/texmf-dist/tex/latex/psnfss/omszplm.fd
File: omszplm.fd 2002/09/08 Fontinst v1.914 font definitions for OMS/zplm.
)
LaTeX Font Info:    Try loading font information for OMX+zplm on input line 144
.

(/usr/local/texlive/2008/texmf-dist/tex/latex/psnfss/omxzplm.fd
File: omxzplm.fd 2002/09/08 Fontinst v1.914 font definitions for OMX/zplm.
)
LaTeX Font Info:    Try loading font information for OT1+zplm on input line 144
.

(/usr/local/texlive/2008/texmf-dist/tex/latex/psnfss/ot1zplm.fd
File: ot1zplm.fd 2002/09/08 Fontinst v1.914 font definitions for OT1/zplm.
)
LaTeX Font Info:    Font shape `U/msa/m/n' will be
(Font)              scaled to size 15.0049pt on input line 144.
LaTeX Font Info:    Font shape `U/msa/m/n' will be
(Font)              scaled to size 10.42007pt on input line 144.
LaTeX Font Info:    Font shape `U/msa/m/n' will be
(Font)              scaled to size 8.33606pt on input line 144.
LaTeX Font Info:    Font shape `U/msb/m/n' will be
(Font)              scaled to size 15.0049pt on input line 144.
LaTeX Font Info:    Font shape `U/msb/m/n' will be
(Font)              scaled to size 10.42007pt on input line 144.
LaTeX Font Info:    Font shape `U/msb/m/n' will be
(Font)              scaled to size 8.33606pt on input line 144.
LaTeX Font Info:    Try loading font information for U+rsfs on input line 144.

(/usr/local/texlive/2008/texmf-dist/tex/latex/jknapltx/ursfs.fd
File: ursfs.fd 1998/03/24 rsfs font definition file (jk)
)

Package frenchb.ldf Warning: Degrees would look better in TS1-encoding: 
(frenchb.ldf)                add \usepackage{textcomp} to the preamble. 
(frenchb.ldf)                Degrees used on input line 144.

LaTeX Font Info:    Font shape `T1/pplj/bx/n' in size <10.95> not available
(Font)              Font shape `T1/pplj/b/n' tried instead on input line 144.
LaTeX Font Info:    Font shape `U/msa/m/n' will be
(Font)              scaled to size 11.40997pt on input line 144.
LaTeX Font Info:    Font shape `U/msa/m/n' will be
(Font)              scaled to size 6.25204pt on input line 144.
LaTeX Font Info:    Font shape `U/msb/m/n' will be
(Font)              scaled to size 11.40997pt on input line 144.
LaTeX Font Info:    Font shape `U/msb/m/n' will be
(Font)              scaled to size 6.25204pt on input line 144.

Overfull \hbox (35.08638pt too wide) in paragraph at lines 144--144
 [] 
 []

[1


{/usr/local/texlive/2008/texmf-var/fonts/map/pdftex/updmap/pdftex.map}]
[2

] [3

] [4

]
\openout2 = `docs/remerciements.aux'.

 (./docs/remerciements.tex

Package hyperref Warning: No destination for bookmark of \addcontentsline,
(hyperref)                destination is added on input line 1.


Underfull \hbox (badness 10000) in paragraph at lines 5--7

 []


Underfull \hbox (badness 10000) in paragraph at lines 11--14

 []


Underfull \hbox (badness 10000) in paragraph at lines 32--34

 []

[5


]
Underfull \hbox (badness 10000) in paragraph at lines 66--70

 []


Underfull \hbox (badness 10000) in paragraph at lines 88--98

 []

[6]
Underfull \hbox (badness 10000) in paragraph at lines 139--142

 []


Underfull \hbox (badness 10000) in paragraph at lines 145--148

 []


Underfull \hbox (badness 10000) in paragraph at lines 149--154

 []


Underfull \hbox (badness 10000) in paragraph at lines 155--163

 []

[7]
Underfull \hbox (badness 10000) in paragraph at lines 164--168

 []


Underfull \hbox (badness 10000) in paragraph at lines 169--180

 []


Underfull \hbox (badness 10000) in paragraph at lines 191--192

 []

<figures/jobs.jpg, id=452, 441.65pt x 484.81125pt>
File: figures/jobs.jpg Graphic file (type jpg)
 <use figures/jobs.jpg>)
[8 <./figures/jobs.jpg>] (./thesis_MAIN.toc
LaTeX Font Info:    Font shape `T1/pplj/bx/n' in size <12> not available
(Font)              Font shape `T1/pplj/b/n' tried instead on input line 16.
LaTeX Font Info:    Font shape `U/msa/m/n' will be
(Font)              scaled to size 12.50409pt on input line 16.
LaTeX Font Info:    Font shape `U/msa/m/n' will be
(Font)              scaled to size 9.37807pt on input line 16.
LaTeX Font Info:    Font shape `U/msa/m/n' will be
(Font)              scaled to size 7.29405pt on input line 16.
LaTeX Font Info:    Font shape `U/msb/m/n' will be
(Font)              scaled to size 12.50409pt on input line 16.
LaTeX Font Info:    Font shape `U/msb/m/n' will be
(Font)              scaled to size 9.37807pt on input line 16.
LaTeX Font Info:    Font shape `U/msb/m/n' will be
(Font)              scaled to size 7.29405pt on input line 16.
 [9

] [10] [11])
\tf@toc=\write5
\openout5 = `thesis_MAIN.toc'.

 [12]
(./thesis_MAIN.lof [13

])
\tf@lof=\write6
\openout6 = `thesis_MAIN.lof'.

 [14]
LaTeX Font Info:    Font shape `T1/pplj/bx/n' in size <24.88> not available
(Font)              Font shape `T1/pplj/b/n' tried instead on input line 157.
 (./thesis_MAIN.lot)
\tf@lot=\write7
\openout7 = `thesis_MAIN.lot'.

 [15

] [16


]
\openout2 = `docs/preface.aux'.

 (./docs/preface.tex [1


] [2] [3

] [4]) [5]
\openout2 = `docs/notations.aux'.

 (./docs/notations.tex [6



] [7]) [8]
LaTeX Font Info:    Font shape `T1/pplj/bx/n' in size <20.74> not available
(Font)              Font shape `T1/pplj/b/n' tried instead on input line 182.
 [9


] [10]
\openout2 = `docs/i_hypoxiechronique.aux'.


(./docs/i_hypoxiechronique.tex
Chapitre 1.
\openout3 = `thesis_MAIN.mtc'.

\openout3 = `thesis_MAIN.mtc'.

LaTeX Font Info:    Font shape `U/msa/m/n' will be
(Font)              scaled to size 7.91925pt on input line 3.
LaTeX Font Info:    Font shape `U/msb/m/n' will be
(Font)              scaled to size 7.91925pt on input line 3.
(./thesis_MAIN.mtc7) [11


] [12

]
<figures/PressionOxygene.pdf, id=752, 608.2725pt x 388.45125pt>
File: figures/PressionOxygene.pdf Graphic file (type pdf)

<use figures/PressionOxygene.pdf>
LaTeX Font Info:    Font shape `T1/pplj/bx/it' in size <10> not available
(Font)              Font shape `T1/pplj/b/it' tried instead on input line 92.


LaTeX Warning: `h' float specifier changed to `ht'.

[13] [14 <./figures/PressionOxygene.pdf>]
<figures/ChenAJP1995.pdf, id=793, 341.275pt x 149.55875pt>
File: figures/ChenAJP1995.pdf Graphic file (type pdf)

<use figures/ChenAJP1995.pdf>
<figures/RVhypertrophy.pdf, id=799, 660.4675pt x 308.15125pt>
File: figures/RVhypertrophy.pdf Graphic file (type pdf)

<use figures/RVhypertrophy.pdf>
LaTeX Font Info:    Font shape `T1/pplj/bx/n' in size <10> not available
(Font)              Font shape `T1/pplj/b/n' tried instead on input line 273.
 [15 <./figures/ChenAJP1995.pdf>] [16 <./figures/RVhypertrophy.pdf>]
<figures/MetabolismCell.pdf, id=868, 707.64375pt x 468.75125pt>
File: figures/MetabolismCell.pdf Graphic file (type pdf)

<use figures/MetabolismCell.pdf> [17 <./figures/MetabolismCell.pdf>]
<figures/ChaineRespi.pdf, id=920, 1710.39pt x 1134.2375pt>
File: figures/ChaineRespi.pdf Graphic file (type pdf)

<use figures/ChaineRespi.pdf>

LaTeX Warning: `h' float specifier changed to `ht'.

[18] <figures/CK_Schuttle.pdf, id=949, 708.6475pt x 468.75125pt>
File: figures/CK_Schuttle.pdf Graphic file (type pdf)

<use figures/CK_Schuttle.pdf>

LaTeX Warning: `h' float specifier changed to `ht'.

[19 <./figures/ChaineRespi.pdf>]
<figures/EC_coupling.pdf, id=1016, 650.43pt x 407.5225pt>
File: figures/EC_coupling.pdf Graphic file (type pdf)

<use figures/EC_coupling.pdf> [20 <./figures/CK_Schuttle.pdf>] [21 <./figures/E
C_coupling.pdf>]
Underfull \hbox (badness 10000) in paragraph at lines 649--666

 []

[22] [23] [24] [25] [26] [27]) [28]
\openout2 = `docs/i_sysbio.aux'.

 (./docs/i_sysbio.tex
Chapitre 2.
\openout3 = `thesis_MAIN.mtc'.

\openout3 = `thesis_MAIN.mtc'.

(./thesis_MAIN.mtc8) [29



] [30] [31

]
<figures/voie.pdf, id=1430, 1039.885pt x 245.91875pt>
File: figures/voie.pdf Graphic file (type pdf)
 <use figures/voie.pdf>
[32] [33 <./figures/voie.pdf>]
<figures/EtatStat.pdf, id=1495, 372.39125pt x 316.18124pt>
File: figures/EtatStat.pdf Graphic file (type pdf)

<use figures/EtatStat.pdf>

LaTeX Warning: `h' float specifier changed to `ht'.

[34] <figures/elasticites.pdf, id=1515, 400.49625pt x 316.18124pt>
File: figures/elasticites.pdf Graphic file (type pdf)

<use figures/elasticites.pdf>

LaTeX Warning: `h' float specifier changed to `ht'.

[35 <./figures/EtatStat.pdf>] [36 <./figures/elasticites.pdf>] [37] [38]
[39] <figures/ModulesCoeur.pdf, id=1670, 1023.77483pt x 352.29817pt>
File: figures/ModulesCoeur.pdf Graphic file (type pdf)

<use figures/ModulesCoeur.pdf> [40 <./figures/ModulesCoeur.pdf>]
<figures/MVO2PPF.pdf, id=1887, 375.4025pt x 313.17pt>
File: figures/MVO2PPF.pdf Graphic file (type pdf)

<use figures/MVO2PPF.pdf>

Package hyperref Warning: Token not allowed in a PDF string (PDFDocEncoding),
(hyperref)                removing `math shift' on input line 705.


Package hyperref Warning: Token not allowed in a PDF string (PDFDocEncoding),
(hyperref)                removing `\Delta' on input line 705.


Package hyperref Warning: Token not allowed in a PDF string (PDFDocEncoding),
(hyperref)                removing `math shift' on input line 705.

[41 <./figures/MVO2PPF.pdf>] [42]
<figures/fossel1980.pdf, id=1973, 542.01563pt x 520.51213pt>
File: figures/fossel1980.pdf Graphic file (type pdf)

<use figures/fossel1980.pdf> [43 <./figures/fossel1980.pdf>]) [44]
\openout2 = `docs/i_objectifs.aux'.


(./docs/i_objectifs.tex
Chapitre 3.
) [45



] [46


] [47] [48]
\openout2 = `docs/m_modelanimal.aux'.

 (./docs/m_modelanimal.tex
Chapitre 1.
\openout3 = `thesis_MAIN.mtc'.

\openout3 = `thesis_MAIN.mtc'.

(./thesis_MAIN.mtc10) [49


] [50

]
<figures/poidsSouris.pdf, id=2060, 528.18025pt x 429.18945pt>
File: figures/poidsSouris.pdf Graphic file (type pdf)

<use figures/poidsSouris.pdf> [51 <./figures/poidsSouris.pdf>]
<figures/Caisson.pdf, id=2161, 571.13374pt x 456.70625pt>
File: figures/Caisson.pdf Graphic file (type pdf)

<use figures/Caisson.pdf> [52 <./figures/Caisson.pdf>]
<figures/MRIvolumes.pdf, id=2219, 467.7475pt x 469.755pt>
File: figures/MRIvolumes.pdf Graphic file (type pdf)

<use figures/MRIvolumes.pdf>

LaTeX Warning: `h' float specifier changed to `ht'.

[53]) [54 <./figures/MRIvolumes.pdf>]
\openout2 = `docs/m_coeur.aux'.

 (./docs/m_coeur.tex
Chapitre 2.
\openout3 = `thesis_MAIN.mtc'.

\openout3 = `thesis_MAIN.mtc'.

(./thesis_MAIN.mtc11) [55



] [56

]
<figures/SystemePerf.pdf, id=2274, 952.55875pt x 605.26125pt>
File: figures/SystemePerf.pdf Graphic file (type pdf)

<use figures/SystemePerf.pdf> [57 <./figures/SystemePerf.pdf>]
<figures/photomontage.pdf, id=2350, 850.62305pt x 603.39526pt>
File: figures/photomontage.pdf Graphic file (type pdf)

<use figures/photomontage.pdf> [58 <./figures/photomontage.pdf>]
<figures/LVDP.pdf, id=2384, 833.1125pt x 571.13374pt>
File: figures/LVDP.pdf Graphic file (type pdf)
 <use figures/LVDP.pdf>
[59 <./figures/LVDP.pdf>]
Overfull \hbox (35.99998pt too wide) in paragraph at lines 246--263
 [][] 
 []

[60]) [61]
\openout2 = `docs/m_rmn.aux'.

 (./docs/m_rmn.tex [62



]
Chapitre 3.
\openout3 = `thesis_MAIN.mtc'.

\openout3 = `thesis_MAIN.mtc'.

(./thesis_MAIN.mtc12) [63] [64

]
<figures/RMN/Principes_RMN.pdf, id=2460, 715.67375pt x 556.0775pt>
File: figures/RMN/Principes_RMN.pdf Graphic file (type pdf)

<use figures/RMN/Principes_RMN.pdf> [65 <./figures/RMN/Principes_RMN.pdf>]
<figures/RMN/T1_T2.pdf, id=2483, 550.055pt x 292.09125pt>
File: figures/RMN/T1_T2.pdf Graphic file (type pdf)

<use figures/RMN/T1_T2.pdf> [66 <./figures/RMN/T1_T2.pdf>]

Package hyperref Warning: Token not allowed in a PDF string (PDFDocEncoding),
(hyperref)                removing `math shift' on input line 174.


Package hyperref Warning: Token not allowed in a PDF string (PDFDocEncoding),
(hyperref)                removing `superscript' on input line 174.


Package hyperref Warning: Token not allowed in a PDF string (PDFDocEncoding),
(hyperref)                removing `math shift' on input line 174.

<figures/spectre31P.pdf, id=2510, 1258.7025pt x 761.84625pt>
File: figures/spectre31P.pdf Graphic file (type pdf)

<use figures/spectre31P.pdf> [67 <./figures/spectre31P.pdf>]
<figures/NewSpectro.pdf, id=2546, 932.48375pt x 543.02875pt>
File: figures/NewSpectro.pdf Graphic file (type pdf)

<use figures/NewSpectro.pdf>

LaTeX Warning: `h' float specifier changed to `ht'.

[68 <./figures/NewSpectro.pdf>]
<figures/RMN/ttmSpectre.pdf, id=2579, 827.09pt x 522.95375pt>
File: figures/RMN/ttmSpectre.pdf Graphic file (type pdf)

<use figures/RMN/ttmSpectre.pdf>) [69 <./figures/RMN/ttmSpectre.pdf>]
\openout2 = `docs/m_consoO2.aux'.


(./docs/m_consoO2.tex [70



]
Chapitre 4.
\openout3 = `thesis_MAIN.mtc'.

\openout3 = `thesis_MAIN.mtc'.

(./thesis_MAIN.mtc13) [71] [72

]
<figures/MVO2/MVO2.pdf, id=2634, 613.29124pt x 427.5975pt>
File: figures/MVO2/MVO2.pdf Graphic file (type pdf)

<use figures/MVO2/MVO2.pdf> [73 <./figures/MVO2/MVO2.pdf>]
<figures/MVO2/Traceo2.pdf, id=2660, 933.4413pt x 694.059pt>
File: figures/MVO2/Traceo2.pdf Graphic file (type pdf)

<use figures/MVO2/Traceo2.pdf>) [74 <./figures/MVO2/Traceo2.pdf>]
\openout2 = `docs/m_moca.aux'.


(./docs/m_moca.tex
Chapitre 5.
\openout3 = `thesis_MAIN.mtc'.

\openout3 = `thesis_MAIN.mtc'.

(./thesis_MAIN.mtc14) [75



] [76

]
<figures/MoCaCoeur.pdf, id=2700, 879.11751pt x 283.55937pt>
File: figures/MoCaCoeur.pdf Graphic file (type pdf)

<use figures/MoCaCoeur.pdf> [77 <./figures/MoCaCoeur.pdf>]
<figures/OneShot.pdf, id=2744, 876.27374pt x 541.02126pt>
File: figures/OneShot.pdf Graphic file (type pdf)

<use figures/OneShot.pdf>
<figures/TypicalRecording.pdf, id=2747, 441.65pt x 401.5pt>
File: figures/TypicalRecording.pdf Graphic file (type pdf)

<use figures/TypicalRecording.pdf>

LaTeX Warning: `h' float specifier changed to `ht'.

[78 <./figures/OneShot.pdf>] [79 <./figures/TypicalRecording.pdf>] [80])
[81]
\openout2 = `docs/m_enzymo.aux'.

 (./docs/m_enzymo.tex [82



]
Chapitre 6.
\openout3 = `thesis_MAIN.mtc'.

\openout3 = `thesis_MAIN.mtc'.

(./thesis_MAIN.mtc15) [83] [84

]

LaTeX Warning: `h' float specifier changed to `ht'.

<figures/DOcitratesynthase.pdf, id=2920, 730.73pt x 497.86pt>
File: figures/DOcitratesynthase.pdf Graphic file (type pdf)

<use figures/DOcitratesynthase.pdf>

LaTeX Warning: `h' float specifier changed to `ht'.

[85]) [86] [87 <./figures/DOcitratesynthase.pdf>] [88


] [89] [90]
\openout2 = `docs/r_article1.aux'.


(./docs/r_article1.tex
Chapitre 1.

Underfull \hbox (badness 10000) in paragraph at lines 43--52

 []

[91


] <papers/Miraux2009.pdf, id=2971, page=1, 596.2275pt x 794.97pt>
File: papers/Miraux2009.pdf Graphic file (type pdf)

<use papers/Miraux2009.pdf, page 1>
Overfull \hbox (63.10947pt too wide) in paragraph at lines 117--117
[][] 
 []

<papers/Miraux2009.pdf, id=2972, page=2, 596.2275pt x 794.97pt>
File: papers/Miraux2009.pdf Graphic file (type pdf)

<use papers/Miraux2009.pdf, page 2>
Overfull \hbox (63.10947pt too wide) in paragraph at lines 117--117
[][] 
 []

<papers/Miraux2009.pdf, id=2973, page=3, 596.2275pt x 794.97pt>
File: papers/Miraux2009.pdf Graphic file (type pdf)

<use papers/Miraux2009.pdf, page 3>
Overfull \hbox (63.10947pt too wide) in paragraph at lines 117--117
[][] 
 []

<papers/Miraux2009.pdf, id=2974, page=4, 596.2275pt x 794.97pt>
File: papers/Miraux2009.pdf Graphic file (type pdf)

<use papers/Miraux2009.pdf, page 4>
Overfull \hbox (63.10947pt too wide) in paragraph at lines 117--117
[][] 
 []

<papers/Miraux2009.pdf, id=2975, page=5, 596.2275pt x 794.97pt>
File: papers/Miraux2009.pdf Graphic file (type pdf)

<use papers/Miraux2009.pdf, page 5>
Overfull \hbox (63.10947pt too wide) in paragraph at lines 117--117
[][] 
 []

<papers/Miraux2009.pdf, id=2976, page=6, 596.2275pt x 794.97pt>
File: papers/Miraux2009.pdf Graphic file (type pdf)

<use papers/Miraux2009.pdf, page 6>
Overfull \hbox (63.10947pt too wide) in paragraph at lines 117--117
[][] 
 []

<papers/Miraux2009.pdf, id=2977, page=7, 596.2275pt x 794.97pt>
File: papers/Miraux2009.pdf Graphic file (type pdf)

<use papers/Miraux2009.pdf, page 7>
Overfull \hbox (63.10947pt too wide) in paragraph at lines 117--117
[][] 
 []

) [92

] [93 <./papers/Miraux2009.pdf>] [94 <./papers/Miraux2009.pdf>] [95 <./papers/M
iraux2009.pdf>] [96 <./papers/Miraux2009.pdf>] [97 <./papers/Miraux2009.pdf>] [
98 <./papers/Miraux2009.pdf>] [99 <./papers/Miraux2009.pdf>]
\openout2 = `docs/r_article2.aux'.


(./docs/r_article2.tex [100



]
Chapitre 2.

Underfull \hbox (badness 10000) in paragraph at lines 21--28

 []

[101] <papers/Calmettes2008.pdf, id=3116, page=2, 605.26125pt x 785.93625pt>
File: papers/Calmettes2008.pdf Graphic file (type pdf)

<use papers/Calmettes2008.pdf, page 2>
Overfull \hbox (59.85881pt too wide) in paragraph at lines 107--107
[][] 
 []

<papers/Calmettes2008.pdf, id=3117, page=3, 605.26125pt x 785.93625pt>
File: papers/Calmettes2008.pdf Graphic file (type pdf)

<use papers/Calmettes2008.pdf, page 3>
Overfull \hbox (59.85881pt too wide) in paragraph at lines 107--107
[][] 
 []

<papers/Calmettes2008.pdf, id=3118, page=4, 605.26125pt x 785.93625pt>
File: papers/Calmettes2008.pdf Graphic file (type pdf)

<use papers/Calmettes2008.pdf, page 4>
Overfull \hbox (59.85881pt too wide) in paragraph at lines 107--107
[][] 
 []

<papers/Calmettes2008.pdf, id=3119, page=5, 605.26125pt x 785.93625pt>
File: papers/Calmettes2008.pdf Graphic file (type pdf)

<use papers/Calmettes2008.pdf, page 5>
Overfull \hbox (59.85881pt too wide) in paragraph at lines 107--107
[][] 
 []

<papers/Calmettes2008.pdf, id=3120, page=6, 605.26125pt x 785.93625pt>
File: papers/Calmettes2008.pdf Graphic file (type pdf)

<use papers/Calmettes2008.pdf, page 6>
Overfull \hbox (59.85881pt too wide) in paragraph at lines 107--107
[][] 
 []

<papers/Calmettes2008.pdf, id=3121, page=7, 605.26125pt x 785.93625pt>
File: papers/Calmettes2008.pdf Graphic file (type pdf)

<use papers/Calmettes2008.pdf, page 7>
Overfull \hbox (59.85881pt too wide) in paragraph at lines 107--107
[][] 
 []

<papers/Calmettes2008.pdf, id=3122, page=8, 605.26125pt x 785.93625pt>
File: papers/Calmettes2008.pdf Graphic file (type pdf)

<use papers/Calmettes2008.pdf, page 8>
Overfull \hbox (59.85881pt too wide) in paragraph at lines 107--107
[][] 
 []

) [102] [103 <./papers/Calmettes2008.pdf>] [104 <./papers/Calmettes2008.pdf>]
[105 <./papers/Calmettes2008.pdf>] [106 <./papers/Calmettes2008.pdf>] [107 <./p
apers/Calmettes2008.pdf>] [108 <./papers/Calmettes2008.pdf>] [109 <./papers/Cal
mettes2008.pdf>]
\openout2 = `docs/r_article3.aux'.

 (./docs/r_article3.tex [110



]
Chapitre 3.

Underfull \hbox (badness 10000) in paragraph at lines 37--46

 []

[111] [112

] [113] [114

]

pdfTeX warning: pdflatex (file ./papers/Calmettes2010.pdf): PDF inclusion: foun
d PDF version <1.5>, but at most version <1.4> allowed
<papers/Calmettes2010.pdf, id=3237, page=1, 614.57909pt x 793.83177pt>
File: papers/Calmettes2010.pdf Graphic file (type pdf)

<use papers/Calmettes2010.pdf, page 1>
Overfull \hbox (65.39937pt too wide) in paragraph at lines 134--134
[][] 
 []



pdfTeX warning: pdflatex (file ./papers/Calmettes2010.pdf): PDF inclusion: foun
d PDF version <1.5>, but at most version <1.4> allowed
<papers/Calmettes2010.pdf, id=3238, page=2, 614.57909pt x 793.83177pt>
File: papers/Calmettes2010.pdf Graphic file (type pdf)

<use papers/Calmettes2010.pdf, page 2>
Overfull \hbox (65.39937pt too wide) in paragraph at lines 134--134
[][] 
 []



pdfTeX warning: pdflatex (file ./papers/Calmettes2010.pdf): PDF inclusion: foun
d PDF version <1.5>, but at most version <1.4> allowed
<papers/Calmettes2010.pdf, id=3239, page=3, 614.57909pt x 793.83177pt>
File: papers/Calmettes2010.pdf Graphic file (type pdf)

<use papers/Calmettes2010.pdf, page 3>
Overfull \hbox (65.39937pt too wide) in paragraph at lines 134--134
[][] 
 []



pdfTeX warning: pdflatex (file ./papers/Calmettes2010.pdf): PDF inclusion: foun
d PDF version <1.5>, but at most version <1.4> allowed
<papers/Calmettes2010.pdf, id=3240, page=4, 614.57909pt x 793.83177pt>
File: papers/Calmettes2010.pdf Graphic file (type pdf)

<use papers/Calmettes2010.pdf, page 4>
Overfull \hbox (65.39937pt too wide) in paragraph at lines 134--134
[][] 
 []



pdfTeX warning: pdflatex (file ./papers/Calmettes2010.pdf): PDF inclusion: foun
d PDF version <1.5>, but at most version <1.4> allowed
<papers/Calmettes2010.pdf, id=3241, page=5, 614.57909pt x 793.83177pt>
File: papers/Calmettes2010.pdf Graphic file (type pdf)

<use papers/Calmettes2010.pdf, page 5>
Overfull \hbox (65.39937pt too wide) in paragraph at lines 134--134
[][] 
 []



pdfTeX warning: pdflatex (file ./papers/Calmettes2010.pdf): PDF inclusion: foun
d PDF version <1.5>, but at most version <1.4> allowed
<papers/Calmettes2010.pdf, id=3242, page=6, 614.57909pt x 793.83177pt>
File: papers/Calmettes2010.pdf Graphic file (type pdf)

<use papers/Calmettes2010.pdf, page 6>
Overfull \hbox (65.39937pt too wide) in paragraph at lines 134--134
[][] 
 []



pdfTeX warning: pdflatex (file ./papers/Calmettes2010.pdf): PDF inclusion: foun
d PDF version <1.5>, but at most version <1.4> allowed
<papers/Calmettes2010.pdf, id=3243, page=7, 614.57909pt x 793.83177pt>
File: papers/Calmettes2010.pdf Graphic file (type pdf)

<use papers/Calmettes2010.pdf, page 7>
Overfull \hbox (65.39937pt too wide) in paragraph at lines 134--134
[][] 
 []

) [115 <./papers/Calmettes2010.pdf>] [116 <./papers/Calmettes2010.pdf>]
[117 <./papers/Calmettes2010.pdf>] [118 <./papers/Calmettes2010.pdf>] [119 <./p
apers/Calmettes2010.pdf>] [120 <./papers/Calmettes2010.pdf>] [121 <./papers/Cal
mettes2010.pdf>] [122


] [123] [124]
\openout2 = `docs/discussion.aux'.

 (./docs/discussion.tex
Chapitre 1.
[125


] [126] [127] [128] [129] [130] [131]) [132]
\openout2 = `docs/perspectives.aux'.

 (./docs/perspectives.tex
Chapitre 2.
[133



]) [134] [135


] [136] (./thesis_MAIN.bbl (./thesis_MAIN.brf)
\tf@brf=\write8
\openout8 = `thesis_MAIN.brf'.

LaTeX Font Info:    Font shape `T1/pplj/bx/n' in size <17.28> not available
(Font)              Font shape `T1/pplj/b/n' tried instead on input line 30.
 [137

] [138]
[139] [140] [141] [142] [143] [144] [145] [146] [147] [148] [149] [150]
[151] [152]) [153] [154

] [155]
Underfull \hbox (badness 10000) in paragraph at lines 243--243

 []


Underfull \hbox (badness 10000) in paragraph at lines 243--243

 []

[156]
Package minitoc Info: I0009
(minitoc)             Listing minitoc auxiliary files. 
(minitoc)             Creating the thesis_MAIN.maf file.
\openout3 = `thesis_MAIN.maf'.



Package minitoc(hints) Warning: W0068
(minitoc(hints))                You have used \minitoc but not 
(minitoc(hints))                \tableofcontents
(minitoc(hints))                nor \faketableofcontents.


Package minitoc(hints) Warning: W0024
(minitoc(hints))                Some hints have been written 
(minitoc(hints))                in the thesis_MAIN.log file.

(./thesis_MAIN.aux (./docs/remerciements.aux) (./docs/preface.aux)
(./docs/notations.aux) (./docs/i_hypoxiechronique.aux) (./docs/i_sysbio.aux)
(./docs/i_objectifs.aux) (./docs/m_modelanimal.aux) (./docs/m_coeur.aux)
(./docs/m_rmn.aux) (./docs/m_consoO2.aux) (./docs/m_moca.aux)
(./docs/m_enzymo.aux) (./docs/r_article1.aux) (./docs/r_article2.aux)
(./docs/r_article3.aux) (./docs/discussion.aux) (./docs/perspectives.aux)) ) 
Here is how much of TeX's memory you used:
 14572 strings out of 493886
 214514 string characters out of 1151099
 350421 words of memory out of 3000000
 16507 multiletter control sequences out of 10000+50000
 132255 words of font info for 219 fonts, out of 3000000 for 5000
 714 hyphenation exceptions out of 8191
 50i,17n,66p,310b,921s stack positions out of 5000i,500n,10000p,200000b,50000s
{/u
sr/local/texlive/2008/texmf-dist/fonts/enc/dvips/base/8r.enc}</usr/local/texliv
e/2008/texmf-dist/fonts/type1/bluesky/cm/cmmi10.pfb></usr/local/texlive/2008/te
xmf-dist/fonts/type1/bluesky/cm/cmr10.pfb></usr/local/texlive/2008/texmf-dist/f
onts/type1/bluesky/cm/cmsy10.pfb></usr/local/texlive/2008/texmf-dist/fonts/type
1/bluesky/ams/eurb10.pfb></usr/local/texlive/2008/texmf-dist/fonts/type1/public
/fpl/fplbj8a.pfb></usr/local/texlive/2008/texmf-dist/fonts/type1/public/mathpaz
o/fplmr.pfb></usr/local/texlive/2008/texmf-dist/fonts/type1/public/mathpazo/fpl
mri.pfb></usr/local/texlive/2008/texmf-dist/fonts/type1/public/fpl/fplrc8a.pfb>
</usr/local/texlive/2008/texmf-dist/fonts/type1/public/fpl/fplrij8a.pfb></usr/l
ocal/texlive/2008/texmf-dist/fonts/type1/bluesky/ams/msam10.pfb></usr/local/tex
live/2008/texmf-dist/fonts/type1/urw/palatino/uplb8a.pfb></usr/local/texlive/20
08/texmf-dist/fonts/type1/urw/palatino/uplbi8a.pfb></usr/local/texlive/2008/tex
mf-dist/fonts/type1/urw/palatino/uplr8a.pfb></usr/local/texlive/2008/texmf-dist
/fonts/type1/urw/palatino/uplri8a.pfb>
Output written on thesis_MAIN.pdf (172 pages, 6850096 bytes).
PDF statistics:
 4137 PDF objects out of 4296 (max. 8388607)
 531 named destinations out of 1000 (max. 131072)
 1093 words of extra memory for PDF output out of 10000 (max. 10000000)

