\BOOKMARK [0][-]{section*.4}{Table des mati\350res}{}
\BOOKMARK [0][-]{section*.5}{Liste des figures}{}
\BOOKMARK [0][-]{section*.6}{Liste des tableaux}{}
\BOOKMARK [0][-]{chapter*.7}{Pr\351face}{}
\BOOKMARK [0][-]{chapter*.8}{Publications et Communications}{}
\BOOKMARK [1][-]{section.0.0.1}{Articles \340 comit\351 de lecture}{chapter*.8}
\BOOKMARK [1][-]{section.0.0.2}{Communications Orales}{chapter*.8}
\BOOKMARK [1][-]{section.0.0.3}{Posters}{chapter*.8}
\BOOKMARK [1][-]{section.0.0.4}{Prix et Distinctions}{chapter*.8}
\BOOKMARK [0][-]{chapter*.9}{Abr\351viations}{}
\BOOKMARK [-1][-]{part.1}{ INTRODUCTION}{}
\BOOKMARK [0][-]{chapter.1.1}{Coeur et hypoxie chronique}{part.1}
\BOOKMARK [1][-]{section.1.1.1}{Hypoxie Chronique : Physiologie et Pathophysiologie}{chapter.1.1}
\BOOKMARK [2][-]{subsection.1.1.1.1}{L'Hypoxie Chronique d'Altitude}{section.1.1.1}
\BOOKMARK [2][-]{subsection.1.1.1.2}{L'Hypoxie Chronique Pathologique}{section.1.1.1}
\BOOKMARK [1][-]{section.1.1.2}{Le Ph\351nom\350ne d'Hypertension Art\351rio-Pulmonaire \(HTAP\)}{chapter.1.1}
\BOOKMARK [2][-]{subsection.1.1.2.1}{Vasoconstriction Hypoxique}{section.1.1.2}
\BOOKMARK [2][-]{subsection.1.1.2.2}{Remodelage Cardiaque}{section.1.1.2}
\BOOKMARK [1][-]{section.1.1.3}{M\351tabolisme \311nerg\351tique Cardiaque et Hypoxie}{chapter.1.1}
\BOOKMARK [2][-]{subsection.1.1.3.1}{Le M\351tabolisme \311nerg\351tique Cellulaire Cardiaque}{section.1.1.3}
\BOOKMARK [3][-]{subsubsection.1.1.3.1.1}{Production et Consommation d'\311nergie}{subsection.1.1.3.1}
\BOOKMARK [3][-]{subsubsection.1.1.3.1.2}{Couplage Excitation-Contraction}{subsection.1.1.3.1}
\BOOKMARK [2][-]{subsection.1.1.3.2}{Production d'\311nergie et Hypoxie}{section.1.1.3}
\BOOKMARK [3][-]{subsubsection.1.1.3.2.1}{Effets de l'Hypoxie Aig\374e}{subsection.1.1.3.2}
\BOOKMARK [3][-]{subsubsection.1.1.3.2.2}{Effets de l'Hypoxie Chronique}{subsection.1.1.3.2}
\BOOKMARK [2][-]{subsection.1.1.3.3}{Consommation d'\311nergie et Hypoxie}{section.1.1.3}
\BOOKMARK [3][-]{subsubsection.1.1.3.3.1}{Effets de l'Hypoxie Aig\374e}{subsection.1.1.3.3}
\BOOKMARK [3][-]{subsubsection.1.1.3.3.2}{Effets de l'Hypoxie Chronique}{subsection.1.1.3.3}
\BOOKMARK [2][-]{subsection.1.1.3.4}{Alt\351ration de la Gestion Calcique}{section.1.1.3}
\BOOKMARK [3][-]{subsubsection.1.1.3.4.1}{Effets de l'Hypoxie Aig\374e}{subsection.1.1.3.4}
\BOOKMARK [3][-]{subsubsection.1.1.3.4.2}{Effets de l'Hypoxie Chronique}{subsection.1.1.3.4}
\BOOKMARK [1][-]{section.1.1.4}{Conclusion}{chapter.1.1}
\BOOKMARK [0][-]{chapter.1.2}{\311tude Int\351gr\351e de l'\311nerg\351tique Cardiaque}{part.1}
\BOOKMARK [1][-]{section.1.2.1}{Vers une Biologie des Syst\350mes}{chapter.1.2}
\BOOKMARK [1][-]{section.1.2.2}{Analyse Modulaire du Contr\364le M\351tabolique}{chapter.1.2}
\BOOKMARK [2][-]{subsection.1.2.2.1}{Notion de Voie M\351tabolique, de Flux et de Contr\364le}{section.1.2.2}
\BOOKMARK [2][-]{subsection.1.2.2.2}{D\351composition d'un Syst\350me en Modules}{section.1.2.2}
\BOOKMARK [2][-]{subsection.1.2.2.3}{D\351termination Exp\351rimentale des Elasticit\351s}{section.1.2.2}
\BOOKMARK [2][-]{subsection.1.2.2.4}{Calcul des Coefficients de Contr\364les sur le Flux}{section.1.2.2}
\BOOKMARK [2][-]{subsection.1.2.2.5}{Analyse de R\351gulation}{section.1.2.2}
\BOOKMARK [1][-]{section.1.2.3}{Application \340 l'\311nerg\351tique cardiaque}{chapter.1.2}
\BOOKMARK [2][-]{subsection.1.2.3.1}{Description de l'\311nerg\351tique Cardiaque en Modules}{section.1.2.3}
\BOOKMARK [2][-]{subsection.1.2.3.2}{L\351gitimit\351 et Limites du Mod\350le}{section.1.2.3}
\BOOKMARK [3][-]{subsubsection.1.2.3.2.1}{La phosphocr\351atine, interm\351diaire repr\351sentatif du Gp}{subsection.1.2.3.2}
\BOOKMARK [3][-]{subsubsection.1.2.3.2.2}{L'\311nerg\351tique Cardiaque, un Syst\350me en \311tat Stationnaire Dynamique}{subsection.1.2.3.2}
\BOOKMARK [1][-]{section*.23}{Conclusion}{chapter.1.2}
\BOOKMARK [0][-]{chapter.1.3}{Objectifs de cette th\350se}{part.1}
\BOOKMARK [-1][-]{part.2}{ MAT\311RIELS ET M\311THODES}{}
\BOOKMARK [0][-]{chapter.2.1}{Mod\350le animal}{part.2}
\BOOKMARK [1][-]{section.2.1.1}{Populations d'\311tude}{chapter.2.1}
\BOOKMARK [1][-]{section.2.1.2}{G\351n\351ration du Mod\350le de Souris Hypobares}{chapter.2.1}
\BOOKMARK [2][-]{subsection.2.1.2.1}{Caisson Hypobare}{section.2.1.2}
\BOOKMARK [2][-]{subsection.2.1.2.2}{Diagnostic de l'Hypertrophie Ventriculaire Droite}{section.2.1.2}
\BOOKMARK [0][-]{chapter.2.2}{Coeur de souris isol\351-perfus\351}{part.2}
\BOOKMARK [1][-]{section.2.2.1}{Construction du Montage Exp\351rimental}{chapter.2.2}
\BOOKMARK [1][-]{section.2.2.2}{Perfusion du Coeur de Souris}{chapter.2.2}
\BOOKMARK [1][-]{section.2.2.3}{Protocoles de Perfusion}{chapter.2.2}
\BOOKMARK [2][-]{subsection.2.2.3.1}{Hypoxie Aigue}{section.2.2.3}
\BOOKMARK [2][-]{subsection.2.2.3.2}{Injection de Drogues}{section.2.2.3}
\BOOKMARK [0][-]{chapter.2.3}{Suivi de l'\351tat \351nerg\351tique des coeurs par RMN du phosphore 31}{part.2}
\BOOKMARK [1][-]{section.2.3.1}{Notion de R\351sonance Magn\351tique Nucl\351aire \(RMN\)}{chapter.2.3}
\BOOKMARK [1][-]{section.2.3.2}{Acquisition d'un spectre 31P de Coeur de Souris}{chapter.2.3}
\BOOKMARK [1][-]{section.2.3.3}{Traitement des Donn\351es}{chapter.2.3}
\BOOKMARK [0][-]{chapter.2.4}{Mesure de la Consommation d'Oxyg\350ne}{part.2}
\BOOKMARK [1][-]{section.2.4.1}{Montage Exp\351rimental}{chapter.2.4}
\BOOKMARK [1][-]{section.2.4.2}{Traitement des Donn\351es}{chapter.2.4}
\BOOKMARK [0][-]{chapter.2.5}{Analyse modulaire du contr\364le m\351tabolique}{part.2}
\BOOKMARK [1][-]{section.2.5.1}{D\351finition du Syst\350me Modulaire}{chapter.2.5}
\BOOKMARK [1][-]{section.2.5.2}{D\351termination Exp\351rimentale des Elasticit\351s}{chapter.2.5}
\BOOKMARK [2][-]{subsection.2.5.2.1}{\311lasticit\351 du Module Producteur}{section.2.5.2}
\BOOKMARK [2][-]{subsection.2.5.2.2}{\311lasticit\351 du Module Consommateur}{section.2.5.2}
\BOOKMARK [1][-]{section.2.5.3}{Calcul des Coefficients de Contr\364les}{chapter.2.5}
\BOOKMARK [1][-]{section.2.5.4}{Analyse de R\351gulation}{chapter.2.5}
\BOOKMARK [0][-]{chapter.2.6}{Dosage de l'activit\351 de la Citrate Synthase}{part.2}
\BOOKMARK [1][-]{section.2.6.1}{Principe de la mesure}{chapter.2.6}
\BOOKMARK [1][-]{section.2.6.2}{Protocole}{chapter.2.6}
\BOOKMARK [2][-]{subsection.2.6.2.1}{Pr\351paration de l'\311chantillon}{section.2.6.2}
\BOOKMARK [2][-]{subsection.2.6.2.2}{Mesure par Spectrophotom\351trie}{section.2.6.2}
\BOOKMARK [2][-]{subsection.2.6.2.3}{Calcul de l'Activit\351 de la Citrate Synthase}{section.2.6.2}
\BOOKMARK [-1][-]{part.3}{ R\311SULTATS}{}
\BOOKMARK [0][-]{chapter.3.1}{Caract\351risation du mod\350le hypoxique murin}{part.3}
\BOOKMARK [1][-]{section.3.1.1}{Objectifs de l'\311tude}{chapter.3.1}
\BOOKMARK [1][-]{section.3.1.2}{R\351sum\351 en Fran\347ais}{chapter.3.1}
\BOOKMARK [1][-]{section.3.1.3}{Article 1}{chapter.3.1}
\BOOKMARK [0][-]{chapter.3.2}{Application de MoCA sur les coeurs hypoxiques}{part.3}
\BOOKMARK [1][-]{section.3.2.1}{Objectifs de l'\311tude}{chapter.3.2}
\BOOKMARK [1][-]{section.3.2.2}{R\351sum\351 en Fran\347ais}{chapter.3.2}
\BOOKMARK [1][-]{section.3.2.3}{Article 2}{chapter.3.2}
\BOOKMARK [0][-]{chapter.3.3}{Insensibilit\351 des Coeurs hypoxiques \340 la Baisse d'Oxyg\350ne}{part.3}
\BOOKMARK [1][-]{section.3.3.1}{Objectifs de l'\311tude}{chapter.3.3}
\BOOKMARK [1][-]{section.3.3.2}{R\351sum\351 en Fran\347ais}{chapter.3.3}
\BOOKMARK [1][-]{section.3.3.3}{Article 3}{chapter.3.3}
\BOOKMARK [-1][-]{part.4}{ DISCUSSION - PERSPECTIVES}{}
\BOOKMARK [0][-]{chapter.4.1}{Discussion}{part.4}
\BOOKMARK [1][-]{section.4.1.1}{Particularit\351s de l'\311nerg\351tique Cardiaque de la Souris}{chapter.4.1}
\BOOKMARK [1][-]{section.4.1.2}{Coeur de Souris en situation d'Hypoxie Chronique}{chapter.4.1}
\BOOKMARK [1][-]{section.4.1.3}{Analyse MoCA des Coeurs en Condition d'Hypoxie Aig\374e}{chapter.4.1}
\BOOKMARK [0][-]{chapter.4.2}{Perspectives}{part.4}
\BOOKMARK [1][-]{section.4.2.1}{Poursuites directes de ce travail de th\350se}{chapter.4.2}
\BOOKMARK [1][-]{section.4.2.2}{Perspectives G\351n\351rales}{chapter.4.2}
\BOOKMARK [-1][-]{part.5}{ BIBLIOGRAPHIE}{}
\BOOKMARK [0][-]{section*.66}{Bibliographie}{part.5}
